<?xml version="1.0" encoding="UTF-8"?>
<!-- Generated by org.testng.reporters.JUnitXMLReporter -->
<testsuite ignored="0" hostname="LAPTOP-DI2CUEQT" failures="0" tests="3" name="Default test" time="46.49" errors="0" timestamp="2020-04-11T17:31:58 IST">
  <testcase classname="wrap.Testng_class" name="registration" time="14.23"/>
  <testcase classname="wrap.Testng_class" name="login" time="11.145"/>
  <testcase classname="wrap.Testng_class" name="search_cart" time="6.623"/>
</testsuite> <!-- Default test -->
