<?xml version="1.0" encoding="UTF-8"?>
<testng-results ignored="0" total="3" passed="3" failed="0" skipped="0">
  <reporter-output>
  </reporter-output>
  <suite started-at="2020-04-11T17:31:12 IST" name="Default suite" finished-at="2020-04-11T17:31:58 IST" duration-ms="46490">
    <groups>
    </groups>
    <test started-at="2020-04-11T17:31:12 IST" name="Default test" finished-at="2020-04-11T17:31:58 IST" duration-ms="46490">
      <class name="wrap.Testng_class">
        <test-method is-config="true" signature="beforeTest()[pri:0, instance:wrap.Testng_class@d4342c2]" started-at="2020-04-11T17:31:12 IST" name="beforeTest" finished-at="2020-04-11T17:31:25 IST" duration-ms="13692" status="PASS">
          <reporter-output>
          </reporter-output>
        </test-method> <!-- beforeTest -->
        <test-method signature="registration()[pri:1, instance:wrap.Testng_class@d4342c2]" started-at="2020-04-11T17:31:25 IST" name="registration" finished-at="2020-04-11T17:31:39 IST" duration-ms="14230" status="PASS">
          <reporter-output>
          </reporter-output>
        </test-method> <!-- registration -->
        <test-method signature="login()[pri:2, instance:wrap.Testng_class@d4342c2]" started-at="2020-04-11T17:31:39 IST" name="login" finished-at="2020-04-11T17:31:51 IST" duration-ms="11145" status="PASS">
          <reporter-output>
          </reporter-output>
        </test-method> <!-- login -->
        <test-method signature="search_cart()[pri:3, instance:wrap.Testng_class@d4342c2]" started-at="2020-04-11T17:31:51 IST" name="search_cart" finished-at="2020-04-11T17:31:57 IST" duration-ms="6623" status="PASS">
          <reporter-output>
          </reporter-output>
        </test-method> <!-- search_cart -->
        <test-method is-config="true" signature="afterTest()[pri:0, instance:wrap.Testng_class@d4342c2]" started-at="2020-04-11T17:31:57 IST" name="afterTest" finished-at="2020-04-11T17:31:58 IST" duration-ms="741" status="PASS">
          <reporter-output>
          </reporter-output>
        </test-method> <!-- afterTest -->
      </class> <!-- wrap.Testng_class -->
    </test> <!-- Default test -->
  </suite> <!-- Default suite -->
</testng-results>
